<?xml version="1.0" encoding="utf-8"?><testsuites name="pytest tests"><testsuite name="pytest" errors="0" failures="0" skipped="1" tests="21" time="8.306" timestamp="2026-07-02T09:54:12.312136+00:00" hostname="agent-env-14fb9de0-52ab-4a16-887e-f1983c741fc0"><testcase classname="tests.test_auth_talktally.TestAuthRequestCode" name="test_request_code_success_and_logged" time="0.918" /><testcase classname="tests.test_auth_talktally.TestAuthRequestCode" name="test_request_code_invalid_email" time="0.094" /><testcase classname="tests.test_auth_talktally.TestAuthVerifyCode" name="test_verify_wrong_code_increments_attempts_and_blocks" time="2.104" /><testcase classname="tests.test_auth_talktally.TestAuthVerifyCode" name="test_verify_correct_code_returns_token_and_idempotent_user" time="1.793" /><testcase classname="tests.test_auth_talktally.TestAuthVerifyCode" name="test_verify_without_request" time="0.171" /><testcase classname="tests.test_auth_talktally.TestAuthVerifyCode" name="test_verify_expired_code" time="0.819" /><testcase classname="tests.test_auth_talktally.TestAuthMe" name="test_me_missing_token" time="0.129" /><testcase classname="tests.test_auth_talktally.TestAuthMe" name="test_me_invalid_token" time="0.100" /><testcase classname="tests.test_auth_talktally.TestAuthMe" name="test_me_expired_token" time="0.102" /><testcase classname="tests.test_auth_talktally.TestAuthMe" name="test_me_valid_token" time="0.097" /><testcase classname="tests.test_talktally_api.TestHealth" name="test_root" time="0.125" /><testcase classname="tests.test_talktally_api.TestProfiles" name="test_create_and_fetch_profile" time="0.175" /><testcase classname="tests.test_talktally_api.TestProfiles" name="test_get_profile_404" time="0.095" /><testcase classname="tests.test_talktally_api.TestSessions" name="test_create_session_and_accuracy" time="0.139" /><testcase classname="tests.test_talktally_api.TestSessions" name="test_list_sessions_excludes_targets_and_id" time="0.095" /><testcase classname="tests.test_talktally_api.TestSessions" name="test_list_sessions_sorted_two_entries" time="0.210" /><testcase classname="tests.test_talktally_api.TestSessions" name="test_get_session_detail_includes_targets" time="0.096" /><testcase classname="tests.test_talktally_api.TestSessions" name="test_get_session_404" time="0.095" /><testcase classname="tests.test_talktally_api.TestTranscribe" name="test_transcribe_missing_key_returns_500" time="0.260"><skipped type="pytest.skip" message="Backend has GROQ_API_KEY configured; skipping missing-key assertion">/app/backend/tests/test_talktally_api.py:183: Backend has GROQ_API_KEY configured; skipping missing-key assertion</skipped></testcase><testcase classname="tests.test_talktally_api.TestTranscribe" name="test_transcribe_invalid_base64" time="0.252" /><testcase classname="tests.test_talktally_api.TestTranscribe" name="test_transcribe_synthetic_wav" time="0.375" /></testsuite></testsuites>