<?xml version="1.0" encoding="utf-8"?><testsuites name="pytest tests"><testsuite name="pytest" errors="0" failures="0" skipped="0" tests="21" time="4.912" timestamp="2026-07-02T09:21:07.528888+00:00" hostname="agent-env-14fb9de0-52ab-4a16-887e-f1983c741fc0"><testcase classname="tests.test_auth_talktally.TestAuthRequestCode" name="test_request_code_success_and_logged" time="0.653" /><testcase classname="tests.test_auth_talktally.TestAuthRequestCode" name="test_request_code_invalid_email" time="0.002" /><testcase classname="tests.test_auth_talktally.TestAuthVerifyCode" name="test_verify_wrong_code_increments_attempts_and_blocks" time="1.898" /><testcase classname="tests.test_auth_talktally.TestAuthVerifyCode" name="test_verify_correct_code_returns_token_and_idempotent_user" time="1.544" /><testcase classname="tests.test_auth_talktally.TestAuthVerifyCode" name="test_verify_without_request" time="0.003" /><testcase classname="tests.test_auth_talktally.TestAuthVerifyCode" name="test_verify_expired_code" time="0.598" /><testcase classname="tests.test_auth_talktally.TestAuthMe" name="test_me_missing_token" time="0.002" /><testcase classname="tests.test_auth_talktally.TestAuthMe" name="test_me_invalid_token" time="0.001" /><testcase classname="tests.test_auth_talktally.TestAuthMe" name="test_me_expired_token" time="0.005" /><testcase classname="tests.test_auth_talktally.TestAuthMe" name="test_me_valid_token" time="0.002" /><testcase classname="tests.test_talktally_api.TestHealth" name="test_root" time="0.001" /><testcase classname="tests.test_talktally_api.TestProfiles" name="test_create_and_fetch_profile" time="0.044" /><testcase classname="tests.test_talktally_api.TestProfiles" name="test_get_profile_404" time="0.002" /><testcase classname="tests.test_talktally_api.TestSessions" name="test_create_session_and_accuracy" time="0.044" /><testcase classname="tests.test_talktally_api.TestSessions" name="test_list_sessions_excludes_targets_and_id" time="0.003" /><testcase classname="tests.test_talktally_api.TestSessions" name="test_list_sessions_sorted_two_entries" time="0.044" /><testcase classname="tests.test_talktally_api.TestSessions" name="test_get_session_detail_includes_targets" time="0.003" /><testcase classname="tests.test_talktally_api.TestSessions" name="test_get_session_404" time="0.002" /><testcase classname="tests.test_talktally_api.TestTranscribe" name="test_transcribe_missing_key_returns_500" time="0.003" /><testcase classname="tests.test_talktally_api.TestTranscribe" name="test_transcribe_invalid_base64" time="0.002" /><testcase classname="tests.test_talktally_api.TestTranscribe" name="test_transcribe_synthetic_wav" time="0.006" /></testsuite></testsuites>