<?xml version="1.0" encoding="utf-8"?><testsuites name="pytest tests"><testsuite name="pytest" errors="0" failures="0" skipped="0" tests="20" time="7.735" timestamp="2026-07-02T08:02:18.202417+00:00" hostname="agent-env-14fb9de0-52ab-4a16-887e-f1983c741fc0"><testcase classname="tests.test_auth_talktally.TestAuthRequestCode" name="test_request_code_success_and_logged" time="0.764" /><testcase classname="tests.test_auth_talktally.TestAuthRequestCode" name="test_request_code_invalid_email" time="0.098" /><testcase classname="tests.test_auth_talktally.TestAuthVerifyCode" name="test_verify_wrong_code_increments_attempts_and_blocks" time="2.039" /><testcase classname="tests.test_auth_talktally.TestAuthVerifyCode" name="test_verify_correct_code_returns_token_and_idempotent_user" time="1.744" /><testcase classname="tests.test_auth_talktally.TestAuthVerifyCode" name="test_verify_without_request" time="0.097" /><testcase classname="tests.test_auth_talktally.TestAuthVerifyCode" name="test_verify_expired_code" time="0.748" /><testcase classname="tests.test_auth_talktally.TestAuthMe" name="test_me_missing_token" time="0.139" /><testcase classname="tests.test_auth_talktally.TestAuthMe" name="test_me_invalid_token" time="0.095" /><testcase classname="tests.test_auth_talktally.TestAuthMe" name="test_me_expired_token" time="0.109" /><testcase classname="tests.test_auth_talktally.TestAuthMe" name="test_me_valid_token" time="0.101" /><testcase classname="tests.test_talktally_api.TestHealth" name="test_root" time="0.105" /><testcase classname="tests.test_talktally_api.TestProfiles" name="test_create_and_fetch_profile" time="0.143" /><testcase classname="tests.test_talktally_api.TestProfiles" name="test_get_profile_404" time="0.098" /><testcase classname="tests.test_talktally_api.TestSessions" name="test_create_session_and_accuracy" time="0.139" /><testcase classname="tests.test_talktally_api.TestSessions" name="test_list_sessions_excludes_targets_and_id" time="0.099" /><testcase classname="tests.test_talktally_api.TestSessions" name="test_list_sessions_sorted_two_entries" time="0.149" /><testcase classname="tests.test_talktally_api.TestSessions" name="test_get_session_detail_includes_targets" time="0.099" /><testcase classname="tests.test_talktally_api.TestSessions" name="test_get_session_404" time="0.096" /><testcase classname="tests.test_talktally_api.TestTranscribe" name="test_transcribe_invalid_base64" time="0.093" /><testcase classname="tests.test_talktally_api.TestTranscribe" name="test_transcribe_synthetic_wav" time="0.741" /></testsuite></testsuites>